<?xml version="1.0" encoding="UTF-8"?>
<!-- Generated by org.testng.reporters.JUnitReportReporter -->
<testsuite hostname="Vinamr" failures="0" tests="1" name="TestngPractice.saucedemo_passwordMasked" time="6.561" errors="0" timestamp="2025-09-15T18:33:02 IST" skipped="0">
  <testcase classname="TestngPractice.saucedemo_passwordMasked" name="verifyPasswordFieldMasksInput" time="6.561"/>
</testsuite> <!-- TestngPractice.saucedemo_passwordMasked -->
