<?xml version="1.0" encoding="UTF-8"?>
<!-- Generated by org.testng.reporters.JUnitReportReporter -->
<testsuite hostname="Vinamr" failures="0" tests="10" name="d46.LoginPage" time="95.750" errors="0" timestamp="2025-09-19T16:25:07 IST" skipped="0">
  <testcase classname="d46.LoginPage" name="TC01_TC11_LoginAndLogout" time="17.246"/>
  <testcase classname="d46.LoginPage" name="TC02_InvalidUser_InvalidPass" time="8.314"/>
  <testcase classname="d46.LoginPage" name="TCO3_InvalidUser_ValidPass" time="9.599"/>
  <testcase classname="d46.LoginPage" name="TCO4_ValidUser_InvalidPass" time="9.662"/>
  <testcase classname="d46.LoginPage" name="TC05_BlankUser_BlankPass" time="9.527"/>
  <testcase classname="d46.LoginPage" name="TC06_BlankUser_ValidPass" time="8.282"/>
  <testcase classname="d46.LoginPage" name="TC07_BlankUser_InvalidPass" time="8.242"/>
  <testcase classname="d46.LoginPage" name="TC08_ValidUser_BlankPass" time="8.222"/>
  <testcase classname="d46.LoginPage" name="TC09_InvalidUser_BlankPass" time="9.822"/>
  <testcase classname="d46.LoginPage" name="TC10_ForgotPassword" time="6.834"/>
</testsuite> <!-- d46.LoginPage -->
