<?xml version="1.0" encoding="UTF-8"?>
<!-- Generated by org.testng.reporters.JUnitReportReporter -->
<testsuite hostname="Vinamr" failures="0" tests="10" name="tests.LoginTest" time="93.521" errors="0" timestamp="2025-09-22T17:45:53 IST" skipped="0">
  <testcase classname="tests.LoginTest" name="TC_01_ValidCredentials" time="10.635"/>
  <testcase classname="tests.LoginTest" name="TC_02_InvalidCredentials" time="9.502"/>
  <testcase classname="tests.LoginTest" name="TC_03_InvalidUsernameAndValidPassword" time="9.741"/>
  <testcase classname="tests.LoginTest" name="TC_04_ValidUsernameAndInvalidPassword" time="9.544"/>
  <testcase classname="tests.LoginTest" name="TC_05_BlankUsernameAndBlankPassword" time="11.296"/>
  <testcase classname="tests.LoginTest" name="TC_06_BlankUsernameAndValidPassword" time="8.213"/>
  <testcase classname="tests.LoginTest" name="TC_07_BlankUsernameAndInvalidPassword" time="8.397"/>
  <testcase classname="tests.LoginTest" name="TC_08_ValidUsernameAndBlankPassword" time="8.693"/>
  <testcase classname="tests.LoginTest" name="TC_09_InvalidUsernameAndBlankPassword" time="8.713"/>
  <testcase classname="tests.LoginTest" name="TC_10_ForgotPassword" time="8.787"/>
</testsuite> <!-- tests.LoginTest -->
