<?xml version="1.0" encoding="UTF-8"?>
<!-- Generated by org.testng.reporters.JUnitReportReporter -->
<testsuite hostname="Vinamr" failures="0" tests="1" name="tests.LogoutTest" time="12.262" errors="0" timestamp="2025-09-22T17:45:53 IST" skipped="0">
  <testcase classname="tests.LogoutTest" name="TC_11_Userlogout" time="12.262"/>
</testsuite> <!-- tests.LogoutTest -->
