<?xml version="1.0" encoding="UTF-8"?>
<!-- Generated by org.testng.reporters.JUnitReportReporter -->
<testsuite hostname="Vinamr" failures="0" tests="1" name="parabank.parabank" time="14.847" errors="0" timestamp="2025-09-13T14:09:52 IST" skipped="0">
  <testcase classname="parabank.parabank" name="verifyRegisterFunctionality" time="14.847"/>
</testsuite> <!-- parabank.parabank -->
