<?xml version="1.0" encoding="UTF-8"?>
<!-- Generated by org.testng.reporters.JUnitReportReporter -->
<testsuite hostname="Vinamr" failures="0" tests="5" name="productdemo.LoginTest" time="0.034" errors="0" timestamp="2025-09-08T18:22:51 IST" skipped="0">
  <testcase classname="productdemo.LoginTest" name="loginToApp" time="0.017"/>
  <testcase classname="productdemo.LoginTest" name="loginToApp" time="0.003"/>
  <testcase classname="productdemo.LoginTest" name="loginToApp" time="0.004"/>
  <testcase classname="productdemo.LoginTest" name="loginToApp" time="0.003"/>
  <testcase classname="productdemo.LoginTest" name="loginToApp" time="0.007"/>
</testsuite> <!-- productdemo.LoginTest -->
